\BOOKMARK [0][-]{chapter.1}{Introduction}{}% 1
\BOOKMARK [1][-]{section.1.1}{About the Second Edition}{chapter.1}% 2
\BOOKMARK [1][-]{section.1.2}{History of the TrainABA Supervision Curriculum Series}{chapter.1}% 3
\BOOKMARK [1][-]{section.1.3}{Publisher}{chapter.1}% 4
\BOOKMARK [1][-]{section.1.4}{Collaboration Tools}{chapter.1}% 5
\BOOKMARK [2][-]{subsection.1.4.1}{Creating New Materials from This Book}{section.1.4}% 6
\BOOKMARK [1][-]{section.1.5}{Versions}{chapter.1}% 7
\BOOKMARK [0][-]{chapter.2}{Supervision Taxonomy}{}% 8
\BOOKMARK [1][-]{section.2.1}{What is ABA Supervision?}{chapter.2}% 9
\BOOKMARK [2][-]{subsection.2.1.1}{Supervision in Management}{section.2.1}% 10
\BOOKMARK [2][-]{subsection.2.1.2}{Supervision of Humans and Systems}{section.2.1}% 11
\BOOKMARK [2][-]{subsection.2.1.3}{Supervision in ABA Settings}{section.2.1}% 12
\BOOKMARK [2][-]{subsection.2.1.4}{Direct vs. Indirect ABA Supervision}{section.2.1}% 13
\BOOKMARK [2][-]{subsection.2.1.5}{Management Problems in ABA Organizations}{section.2.1}% 14
\BOOKMARK [2][-]{subsection.2.1.6}{What Is Being Done}{section.2.1}% 15
\BOOKMARK [1][-]{section.2.2}{A Taxonomy of ABA Supervision}{chapter.2}% 16
\BOOKMARK [1][-]{section.2.3}{BACB\256 Influence in the Development of Formal Behavior Analysis Supervision}{chapter.2}% 17
\BOOKMARK [1][-]{section.2.4}{Case Study: Associated Aardvarks for Autism \(AAA\)}{chapter.2}% 18
\BOOKMARK [2][-]{subsection.2.4.1}{AAA's Accountant}{section.2.4}% 19
\BOOKMARK [2][-]{subsection.2.4.2}{Funding Sources}{section.2.4}% 20
\BOOKMARK [2][-]{subsection.2.4.3}{Estimating Supervision Costs}{section.2.4}% 21
\BOOKMARK [2][-]{subsection.2.4.4}{Consulting the Clinical Director}{section.2.4}% 22
\BOOKMARK [2][-]{subsection.2.4.5}{Putting It Together}{section.2.4}% 23
\BOOKMARK [2][-]{subsection.2.4.6}{A Risk for the Company}{section.2.4}% 24
\BOOKMARK [2][-]{subsection.2.4.7}{Final Decision}{section.2.4}% 25
\BOOKMARK [1][-]{section.2.5}{Resources for Supervised Experience}{chapter.2}% 26
\BOOKMARK [2][-]{subsection.2.5.1}{Beyond the Taxonomy}{section.2.5}% 27
\BOOKMARK [2][-]{subsection.2.5.2}{Registration Process}{section.2.5}% 28
\BOOKMARK [0][-]{chapter.3}{Refresher: Supervisor Workshop}{}% 29
\BOOKMARK [1][-]{section.3.1}{Purpose of Supervision}{chapter.3}% 30
\BOOKMARK [1][-]{section.3.2}{Features of Supervision}{chapter.3}% 31
\BOOKMARK [1][-]{section.3.3}{Features of Supervision}{chapter.3}% 32
\BOOKMARK [1][-]{section.3.4}{Using Behavioral Skills Training}{chapter.3}% 33
\BOOKMARK [2][-]{subsection.3.4.1}{Behavioral Skills Training}{section.3.4}% 34
\BOOKMARK [1][-]{section.3.5}{Delivering Performance Feedback}{chapter.3}% 35
\BOOKMARK [1][-]{section.3.6}{Evaluating the Effects of Supervision}{chapter.3}% 36
\BOOKMARK [0][-]{chapter.4}{A-01 Measure frequency \(i.e., count\).}{}% 37
\BOOKMARK [1][-]{section.4.1}{Definition}{chapter.4}% 38
\BOOKMARK [1][-]{section.4.2}{Example}{chapter.4}% 39
\BOOKMARK [1][-]{section.4.3}{Assessment}{chapter.4}% 40
\BOOKMARK [1][-]{section.4.4}{Relevant Literature}{chapter.4}% 41
\BOOKMARK [1][-]{section.4.5}{Related Lessons}{chapter.4}% 42
\BOOKMARK [1][-]{section.4.6}{Footnotes}{chapter.4}% 43
\BOOKMARK [0][-]{chapter.5}{A-02 Measure rate \(i.e., count per unit time\).}{}% 44
\BOOKMARK [1][-]{section.5.1}{Definition}{chapter.5}% 45
\BOOKMARK [1][-]{section.5.2}{Examples}{chapter.5}% 46
\BOOKMARK [1][-]{section.5.3}{Assessment}{chapter.5}% 47
\BOOKMARK [1][-]{section.5.4}{Relevant Literature}{chapter.5}% 48
\BOOKMARK [1][-]{section.5.5}{Related Lessons}{chapter.5}% 49
\BOOKMARK [1][-]{section.5.6}{Footnotes}{chapter.5}% 50
\BOOKMARK [0][-]{chapter.6}{A-03 Measure duration.}{}% 51
\BOOKMARK [1][-]{section.6.1}{Definition}{chapter.6}% 52
\BOOKMARK [1][-]{section.6.2}{Examples}{chapter.6}% 53
\BOOKMARK [1][-]{section.6.3}{Assessment}{chapter.6}% 54
\BOOKMARK [1][-]{section.6.4}{Relevant Literature}{chapter.6}% 55
\BOOKMARK [1][-]{section.6.5}{Related Lessons}{chapter.6}% 56
\BOOKMARK [0][-]{chapter.7}{A-04 Measure latency.}{}% 57
\BOOKMARK [1][-]{section.7.1}{Definition}{chapter.7}% 58
\BOOKMARK [1][-]{section.7.2}{Examples}{chapter.7}% 59
\BOOKMARK [1][-]{section.7.3}{Assessment}{chapter.7}% 60
\BOOKMARK [1][-]{section.7.4}{Relevant Literature}{chapter.7}% 61
\BOOKMARK [1][-]{section.7.5}{Related Lessons}{chapter.7}% 62
\BOOKMARK [0][-]{chapter.8}{B-03 Systematically arrange independent variables...}{}% 63
\BOOKMARK [1][-]{section.8.1}{Definitions}{chapter.8}% 64
\BOOKMARK [1][-]{section.8.2}{Example}{chapter.8}% 65
\BOOKMARK [1][-]{section.8.3}{Assessment}{chapter.8}% 66
\BOOKMARK [1][-]{section.8.4}{Relevant Literature}{chapter.8}% 67
\BOOKMARK [1][-]{section.8.5}{Related Lessons}{chapter.8}% 68
\BOOKMARK [0][-]{chapter*.8}{References}{}% 69
