This is pdfTeX, Version 3.14159265-2.6-1.40.20 (TeX Live 2019) (preloaded format=pdflatex 2019.5.8)  6 NOV 2020 09:37
entering extended mode
 restricted \write18 enabled.
 file:line:error style messages enabled.
 %&-line parsing enabled.
**intro.tex
(./intro.tex
LaTeX2e <2018-12-01>
\@input{tex/chapters/after-internship/after-internship.aux}
./intro.tex:1: I can't write on file `tex/chapters/after-internship/after-inter
nship.aux'.
\@include ...\immediate \openout \@partaux #1.aux 
                                                  \immediate \write \@partau...
l.1 ...chapters/after-internship/after-internship}
                                                  
(Press Enter to retry, or Control-D to exit; default file extension is `.tex')
Please type another output file name: 
./intro.tex:1: Emergency stop.
\@include ...\immediate \openout \@partaux #1.aux 
                                                  \immediate \write \@partau...
l.1 ...chapters/after-internship/after-internship}
                                                  
End of file on the terminal!

 
Here is how much of TeX's memory you used:
 7 strings out of 492616
 165 string characters out of 6129482
 57291 words of memory out of 5000000
 4025 multiletter control sequences out of 15000+600000
 3640 words of font info for 14 fonts, out of 8000000 for 9000
 1141 hyphenation exceptions out of 8191
 9i,0n,4p,68b,14s stack positions out of 5000i,500n,10000p,200000b,80000s
./intro.tex:1:  ==> Fatal error occurred, no output PDF file produced!
